------- FILE challenge1.asm LEVEL 1 PASS 2
      1  088d ????
      2  088d ????
      3  088d ????
      4  088d ????
      5  088d ????
      6  088d ????
      7  088d ????
      8  088d ????
      9  088d ????
     10  088d ????
     11  088d ????
     12  088d ????
     13  088d ????
     14  088d ????
     15  088d ????	       ff e4	   GETIN      =	$FFE4
     16  088d ????	       e5 44	   CLRSCN     =	$E544
     17  088d ????	       ab 1e	   PRNSTR     =	$AB1E
     18  088d ????	       e5 66	   GOHOME     =	$E566
     19  088d ????	       bd cd	   PRNINT     =	$BDCD
     20  088d ????
     21  088d ????
     22  088d ????
     23  088d ????	       00 d1	   CURSOR_PTR =	209
     24  088d ????	       00 a2	   JIFFY_CLOCK =	162
     25  088d ????	       02 86	   CRSRCOL    =	646
     26  088d ????	       00 01	   MEMORY_CONFIG =	1
     27  088d ????
     28  088d ????
     29  088d ????
     30  088d ????	       00 00	   COLOR_BLACK =	0
     31  088d ????	       00 01	   COLOR_WHITE =	1
     32  088d ????	       00 02	   COLOR_RED  =	2
     33  088d ????	       00 03	   COLOR_CYAN =	3
     34  088d ????	       00 04	   COLOR_MAGENTA =	4
     35  088d ????	       00 05	   COLOR_GREEN =	5
     36  088d ????	       00 06	   COLOR_BLUE =	6
     37  088d ????	       00 07	   COLOR_YELLOW =	7
     38  088d ????
     39  088d ????
     40  088d ????
     41  088d ????
     42  088d ????	       00 28	   SCREEN_COLS =	40
     43  088d ????	       00 19	   SCREEN_ROWS =	25
     44  088d ????	       04 00	   VIDEO_RAM  =	1024
     45  088d ????	       d8 00	   COLOR_RAM  =	55296
     46  088d ????	       00 d4	   COLOR_PAGE_OFFSET =	((COLOR_RAM - VIDEO_RAM) / 256)
     47  088d ????	       08 01	   BASIC_RAM  =	2049
     48  088d ????	       d0 12	   RASTER     =	$D012
     49  088d ????	       d0 00	   ROMCHAR    =	$D000
     50  088d ????	       d0 20	   BORDER     =	53280
     51  088d ????	       d0 21	   BACKGROUND =	53281
     52  088d ????
     53  088d ????
     54  088d ????
     55  088d ????
     56  088d ????
     57  088d ????
     58  088d ????
     59  088d ????
     60  088d ????
     61  088d ????
     62  088d ????
     63  088d ????
     64  088d ????
     65  088d ????
     66  088d ????
     67  088d ????
     68  088d ????
     69  088d ????
     70  088d ????
     71  088d ????
     72  088d ????
     73  088d ????
     74  088d ????
     75  088d ????
     76  088d ????
     77  088d ????
     78  088d ????
     79  088d ????
     80  088d ????
     81  088d ????
     82  088d ????
     83  088d ????
     84  088d ????
     85  088d ????
     86  088d ????
     87  088d ????
     88  088d ????
     89  088d ????
     90  088d ????
     91  088d ????
     92  088d ????
     93  088d ????
     94  088d ????
     95  088d ????
     96  088d ????
     97  088d ????
     98  088d ????
     99  088d ????
    100  088d ????
    101  088d ????
    102  088d ????
    103  088d ????
    104  088d ????
    105  088d ????
    106  088d ????
    107  088d ????
    108  088d ????
    109  088d ????
    110  088d ????
    111  088d ????
    112  088d ????
    113  088d ????
    114  088d ????
    115  088d ????
    116  088d ????
    117  088d ????
    118  088d ????
    119  088d ????
    120  088d ????
    121  088d ????
    122  088d ????
    123  088d ????
    124  088d ????
    125  088d ????
    126  088d ????
    127  088d ????
    128  088d ????
    129  088d ????
    130  088d ????
    131  088d ????
    132  088d ????
    133  088d ????
    134  088d ????
    135  088d ????
    136  088d ????
    137  088d ????
    138  088d ????
    139  088d ????
    140  088d ????
    141  088d ????
    142  088d ????
    143  088d ????
    144  088d ????
    145  088d ????
    146  088d ????
    147  088d ????
    148  088d ????
    149  088d ????
    150  088d ????
    151  088d ????
    152  088d ????
    153  088d ????
    154  088d ????
    155  088d ????
    156  088d ????
    157  088d ????
    158  088d ????
    159  088d ????
    160  088d ????
    161  088d ????
    162  088d ????
    163  088d ????
    164  088d ????
    165  088d ????
    166  088d ????
    167  088d ????
    168  088d ????
    169  088d ????
    170  088d ????
    171  088d ????
    172  088d ????
    173  088d ????
    174  088d ????
    175  088d ????
    176  088d ????
    177  088d ????
    178  088d ????
    179  088d ????
    180  088d ????
    181  088d ????
    182  088d ????
    183  088d ????
    184  088d ????
    185  088d ????
    186  088d ????
    187  088d ????
    188  088d ????
    189  088d ????
    190  088d ????
    191  088d ????
    192  088d ????
    193  088d ????
    194  088d ????
    195  088d ????
    196  088d ????
    197  088d ????
    198  088d ????
    199  088d ????
    200  088d ????
    201  088d ????
    202  088d ????
    203  088d ????
    204  088d ????
    205  088d ????
    206  088d ????
    207  088d ????
    208  088d ????
    209  088d ????
    210  088d ????
    211  088d ????
    212  088d ????
    213  088d ????
    214  088d ????
    215  088d ????
    216  088d ????
    217  088d ????
    218  088d ????
    219  088d ????
    220  088d ????
    221  088d ????
    222  088d ????
    223  088d ????
    224  088d ????
    225  088d ????
    226  088d ????
    227  088d ????
    228  088d ????
    229  088d ????
    230  088d ????
    231  088d ????
    232  088d ????
    233  088d ????
    234  088d ????
    235  088d ????
    236  088d ????
    237  088d ????
    238  088d ????
    239  088d ????
    240  088d ????
    241  088d ????
    242  088d ????
    243  088d ????
    244  088d ????
    245  088d ????
    246  088d ????
    247  088d ????
    248  088d ????
    249  088d ????
    250  088d ????
    251  088d ????
    252  088d ????
    253  088d ????
    254  088d ????
    255  088d ????
    256  088d ????
    257  088d ????
    258  088d ????
    259  088d ????
    260  088d ????
    261  088d ????
    262  088d ????
    263  088d ????
    264  088d ????
    265  088d ????
    266  088d ????
    267  088d ????
    268  088d ????
    269  088d ????
    270  088d ????
    271  088d ????
    272  088d ????
    273  088d ????
    274  088d ????
    275  088d ????
    276  088d ????
    277  088d ????
    278  088d ????
    279  088d ????
    280  088d ????
    281  088d ????
    282  088d ????
    283  088d ????
    284  088d ????
    285  088d ????
    286  088d ????
    287  088d ????
    288  088d ????
    289  088d ????
    290  088d ????
    291  088d ????
    292  088d ????
    293  088d ????
    294  088d ????
    295  088d ????
    296  088d ????
    297  088d ????
    298  088d ????
    299  088d ????
    300  088d ????
    301  088d ????
    302  088d ????
    303  088d ????
    304  088d ????
    305  088d ????
    306  088d ????
    307  088d ????
    308  088d ????
    309  088d ????
    310  088d ????
    311  088d ????
    312  088d ????
    313  088d ????
    314  088d ????
    315  088d ????
    316  088d ????
    317  088d ????
    318  088d ????
    319  088d ????
    320  088d ????
    321  088d ????
    322  088d ????
    323  088d ????
    324  088d ????
    325  088d ????
    326  088d ????
    327  088d ????
    328  088d ????
    329  088d ????
    330  088d ????
    331  088d ????
    332  088d ????
    333  088d ????
    334  088d ????
    335  088d ????
    336  088d ????
    337  088d ????
    338  088d ????
    339  088d ????
    340  088d ????
    341  088d ????
    342  088d ????
    343  088d ????
    344  088d ????
    345  088d ????
    346  088d ????
    347  088d ????
    348  088d ????
    349  088d ????
    350  088d ????
    351  088d ????
    352  088d ????
    353  088d ????
    354  088d ????
    355  088d ????
    356  088d ????
    357  088d ????
    358  088d ????
    359  088d ????
    360  088d ????
    361  088d ????
    362  088d ????
    363  088d ????
    364  088d ????
    365  088d ????
    366  088d ????
    367  088d ????
    368  088d ????
    369  088d ????
    370  088d ????
    371  088d ????
    372  088d ????
    373  088d ????
    374  088d ????
    375  088d ????
    376  088d ????
    377  088d ????
    378  088d ????
    379  088d ????
    380  088d ????
    381  088d ????
    382  088d ????
    383  088d ????
    384  088d ????
    385  088d ????
    386  088d ????
    387  088d ????
    388  088d ????
    389  088d ????
    390  088d ????
    391  088d ????
    392  088d ????
    393  088d ????
    394  088d ????
    395  088d ????
    396  088d ????
    397  088d ????
    398  088d ????
    399  088d ????
    400  088d ????
    401  088d ????
    402  088d ????
    403  088d ????
    404  088d ????
    405  088d ????
    406  088d ????
    407  088d ????
    408  088d ????
    409  088d ????
    410  088d ????
    411  088d ????
    412  088d ????
    413  088d ????
    414  088d ????
    415  088d ????
    416  088d ????
    417  088d ????
    418  088d ????
    419  088d ????
    420  088d ????
    421  088d ????
    422  088d ????
    423  088d ????
    424  088d ????
    425  088d ????
    426  088d ????
    427  088d ????
    428  088d ????
    429  088d ????
    430  088d ????
    431  088d ????
    432  088d ????
    433  088d ????
    434  088d ????
    435  088d ????
    436  088d ????
    437  088d ????
    438  088d ????
    439  088d ????
    440  088d ????
    441  088d ????
    442  088d ????
    443  088d ????
    444  088d ????
    445  088d ????
    446  088d ????
    447  088d ????
    448  088d ????
    449  088d ????
    450  088d ????
    451  088d ????
    452  088d ????
    453  088d ????
    454  088d ????
    455  088d ????
    456  088d ????
    457  088d ????
    458  088d ????
    459  088d ????
    460  088d ????
    461  088d ????
    462  088d ????
    463  088d ????
    464  088d ????
    465  088d ????
    466  088d ????
    467  088d ????
    468  088d ????
    469  088d ????
    470  088d ????
    471  088d ????
    472  088d ????
    473  088d ????
    474  088d ????
    475  088d ????
    476  088d ????
    477  088d ????
    478  088d ????
    479  088d ????
    480  088d ????
    481  088d ????
    482  088d ????
    483  088d ????
    484  088d ????
    485  088d ????
    486  088d ????
    487  088d ????
    488  088d ????
    489  088d ????
    490  088d ????
    491  088d ????
    492  088d ????
    493  088d ????
    494  088d ????
    495  088d ????
    496  088d ????
    497  088d ????
    498  088d ????
    499  088d ????
    500  088d ????
    501  088d ????
    502  088d ????
    503  088d ????
    504  088d ????
    505  088d ????
    506  088d ????
    507  088d ????
    508  088d ????
    509  088d ????
    510  088d ????
    511  088d ????
    512  088d ????
    513  088d ????
    514  088d ????
    515  088d ????
    516  088d ????
    517  088d ????
    518  088d ????
    519  088d ????
    520  088d ????
    521  088d ????
    522  088d ????
    523  088d ????
    524  088d ????
    525  088d ????
    526  088d ????
    527  088d ????
    528  088d ????
    529  088d ????
    530  088d ????
    531  088d ????
    532  088d ????
    533  088d ????
    534  088d ????
    535  088d ????
    536  088d ????
    537  088d ????
    538  088d ????
    539  088d ????
    540  088d ????
    541  088d ????
    542  088d ????
    543  088d ????
    544  088d ????
    545  088d ????
    546  088d ????
    547  088d ????
    548  088d ????
    549  088d ????
    550  088d ????
    551  088d ????
    552  088d ????
    553  088d ????
    554  088d ????
    555  088d ????
    556  088d ????
    557  088d ????
    558  088d ????
    559  088d ????
    560  088d ????
    561  088d ????
    562  088d ????
    563  088d ????
    564  088d ????
    565  088d ????
    566  088d ????
    567  088d ????				      PROCESSOR	6502
    568  0801					      ORG	BASIC_RAM
    569  0801
    570  0801
    571  0801		       0c 08 e4 07*BASIC_ROW_0 BYTE.b	[BASIC_ROW_1%256],[BASIC_ROW_1/256],[2020%256],[2020/256],158,32,[[[MAIN%10000]-[MAIN%1000]]/1000+$30],[[[MAIN%1000]-[MAIN%100]]/100+$30],[[[MAIN%100]-[MAIN%10]]/10+$30],[[[MAIN%10]-[MAIN%1]]/1+$30],0
    572  080c		       00 00	   BASIC_ROW_1 BYTE.b	0,0
    573  080e
    574  080e
    575  080e		       00 fa	   PTR	      =	250
    576  080e
    577  080e
    578  080e		       00 fc	   CC	      =	252
    579  080e		       00 f8	   RR	      =	248
    580  080e
    581  080e				   MAIN
    582  080e		       a0 00		      LDY	#0
    583  0810
    584  0810
    585  0810		       a9 00		      LDA	#((1024) % 256)
    586  0812		       85 fa		      STA	PTR
    587  0814					      IF	((1024) % 256) != ((1024)/256)
    588  0814		       a9 04		      LDA	#((1024)/256)
    589  0816					      ENDIF
    590  0816		       85 fb		      STA	PTR+1
    591  0818
    592  0818
    593  0818				   DO_591_START
    594  0818		       a9 51		      LDA	#81
    595  081a		       91 fa		      STA	(PTR),Y
    596  081c		       e6 fa		      INC	PTR
    597  081e				   IF_595_START
    598  081e		       d0 02		      BNE	IF_595_ELSE
    599  0820		       e6 fb		      INC	PTR+1
    600  0822				   IF_595_ELSE
    601  0822				   IF_595_END
    602  0822
    603  0822
    604  0822		       a5 fb		      LDA	PTR+1
    605  0824		       c9 07		      CMP	#((2023)/256)
    606  0826				   IF_602_START
    607  0826		       d0 04		      BNE	IF_602_ELSE
    608  0828		       a5 fa		      LDA	PTR
    609  082a		       c9 e7		      CMP	#((2023) % 256)
    610  082c				   IF_602_ELSE
    611  082c				   IF_602_END
    612  082c
    613  082c		       d0 ea		      BNE	DO_591_START
    614  082e				   DO_591_END
    615  082e
    616  082e
    617  082e
    618  082e		       a9 00		      LDA	#0
    619  0830		       85 fc		      STA	CC
    620  0832
    621  0832		       a9 00		      LDA	#0
    622  0834		       85 f8		      STA	RR
    623  0836
    624  0836
    625  0836		       a9 00		      LDA	#((55296) % 256)
    626  0838		       85 fa		      STA	PTR
    627  083a					      IF	((55296) % 256) != ((55296)/256)
    628  083a		       a9 d8		      LDA	#((55296)/256)
    629  083c					      ENDIF
    630  083c		       85 fb		      STA	PTR+1
    631  083e
    632  083e				   DO_621_START
    633  083e		       a5 f8		      LDA	RR
    634  0840		       18		      CLC
    635  0841		       65 fc		      ADC	CC
    636  0843
    637  0843		       29 0f		      AND	#15
    638  0845		       91 fa		      STA	(PTR),Y
    639  0847
    640  0847		       e6 fc		      INC	CC
    641  0849				   IF_635_START
    642  0849		       a5 fc		      LDA	CC
    643  084b
    644  084b					      IF	[40]!=0
    645  084b		       c9 28		      CMP	#40
    646  084d					      ENDIF
    647  084d
    648  084d		       d0 06		      BNE	IF_635_ELSE
    649  084f		       a9 00		      LDA	#0
    650  0851		       85 fc		      STA	CC
    651  0853		       e6 f8		      INC	RR
    652  0855				   IF_635_ELSE
    653  0855				   IF_635_END
    654  0855
    655  0855		       e6 fa		      INC	PTR
    656  0857				   IF_642_START
    657  0857		       d0 02		      BNE	IF_642_ELSE
    658  0859		       e6 fb		      INC	PTR+1
    659  085b				   IF_642_ELSE
    660  085b				   IF_642_END
    661  085b
    662  085b
    663  085b		       a5 fb		      LDA	PTR+1
    664  085d		       c9 db		      CMP	#((56295)/256)
    665  085f				   IF_649_START
    666  085f		       d0 04		      BNE	IF_649_ELSE
    667  0861		       a5 fa		      LDA	PTR
    668  0863		       c9 e7		      CMP	#((56295) % 256)
    669  0865				   IF_649_ELSE
    670  0865				   IF_649_END
    671  0865
    672  0865		       d0 d7		      BNE	DO_621_START
    673  0867				   DO_621_END
    674  0867
    675  0867
    676  0867
    677  0867
    678  0867				   DO_650_START
    679  0867		       a9 00		      LDA	#((55296) % 256)
    680  0869		       85 fa		      STA	PTR
    681  086b					      IF	((55296) % 256) != ((55296)/256)
    682  086b		       a9 d8		      LDA	#((55296)/256)
    683  086d					      ENDIF
    684  086d		       85 fb		      STA	PTR+1
    685  086f
    686  086f				   DO_658_START
    687  086f		       b1 fa		      LDA	(PTR),Y
    688  0871
    689  0871		       18		      CLC
    690  0872		       69 01		      ADC	#1
    691  0874		       29 0f		      AND	#15
    692  0876
    693  0876		       91 fa		      STA	(PTR),Y
    694  0878
    695  0878		       e6 fa		      INC	PTR
    696  087a				   IF_678_START
    697  087a		       d0 02		      BNE	IF_678_ELSE
    698  087c		       e6 fb		      INC	PTR+1
    699  087e				   IF_678_ELSE
    700  087e				   IF_678_END
    701  087e
    702  087e
    703  087e		       a5 fb		      LDA	PTR+1
    704  0880		       c9 db		      CMP	#((56295)/256)
    705  0882				   IF_685_START
    706  0882		       d0 04		      BNE	IF_685_ELSE
    707  0884		       a5 fa		      LDA	PTR
    708  0886		       c9 e7		      CMP	#((56295) % 256)
    709  0888				   IF_685_ELSE
    710  0888				   IF_685_END
    711  0888
    712  0888		       d0 e5		      BNE	DO_658_START
    713  088a				   DO_658_END
    714  088a
    715  088a		       f0 db		      BEQ	DO_650_START
    716  088c				   DO_650_END
    717  088c
    718  088c
    719  088c		       60		      RTS
    720  088d
