------- FILE time.asm LEVEL 1 PASS 2
      1  1114					      PROCESSOR	6502
      2  1114 ????
      3  1114 ????
      4  1114 ????
      5  1114 ????
      6  1114 ????
      7  1114 ????
      8  1114 ????
      9  1114 ????
     10  1114 ????
     11  1114 ????
     12  1114 ????
     13  1114 ????
     14  1114 ????
     15  1114 ????
     16  1114 ????
     17  1114 ????
     18  1114 ????
     19  1114 ????
     20  1114 ????
     21  1114 ????
     22  1114 ????
     23  1114 ????
     24  1114 ????
     25  1114 ????
     26  1114 ????
     27  1114 ????
     28  1114 ????
     29  1114 ????
     30  1114 ????
     31  1114 ????
     32  1114 ????
     33  1114 ????
     34  1114 ????
     35  1114 ????
     36  1114 ????
     37  1114 ????
     38  1114 ????
     39  1114 ????
     40  1114 ????
     41  1114 ????
     42  1114 ????
     43  1114 ????
     44  1114 ????
     45  1114 ????
     46  1114 ????
     47  1114 ????
     48  1114 ????
     49  1114 ????
     50  1114 ????
     51  1114 ????
     52  1114 ????
     53  1114 ????
     54  1114 ????
     55  1114 ????
     56  1114 ????
     57  1114 ????
     58  1114 ????
     59  1114 ????
     60  1114 ????
     61  1114 ????
     62  1114 ????
     63  1114 ????
     64  1114 ????
     65  1114 ????
     66  1114 ????
     67  1114 ????
     68  1114 ????
     69  1114 ????
     70  1114 ????
     71  1114 ????
     72  1114 ????
     73  1114 ????
     74  1114 ????
     75  1114 ????
     76  1114 ????
     77  1114 ????
     78  1114 ????
     79  1114 ????
     80  1114 ????
     81  1114 ????
     82  1114 ????
     83  1114 ????
     84  1114 ????
     85  1114 ????
     86  1114 ????
     87  1114 ????
     88  1114 ????
     89  1114 ????
     90  1114 ????
     91  1114 ????
     92  1114 ????
     93  1114 ????
     94  1114 ????
     95  1114 ????
     96  1114 ????
     97  1114 ????
     98  1114 ????
     99  1114 ????
    100  1114 ????
    101  1114 ????
    102  1114 ????
    103  1114 ????
    104  1114 ????
    105  1114 ????
    106  1114 ????
    107  1114 ????
    108  1114 ????
    109  1114 ????
    110  1114 ????
    111  1114 ????
    112  1114 ????
    113  1114 ????
    114  1114 ????
    115  1114 ????
    116  1114 ????
    117  1114 ????
    118  1114 ????
    119  1114 ????
    120  1114 ????
    121  1114 ????
    122  1114 ????
    123  1114 ????
    124  1114 ????
    125  1114 ????
    126  1114 ????
    127  1114 ????
    128  1114 ????
    129  1114 ????
    130  1114 ????
    131  1114 ????
    132  1114 ????
    133  1114 ????
    134  1114 ????
    135  1114 ????
    136  1114 ????
    137  1114 ????
    138  1114 ????
    139  1114 ????
    140  1114 ????
    141  1114 ????
    142  1114 ????
    143  1114 ????
    144  1114 ????
    145  1114 ????
    146  1114 ????
    147  1114 ????
    148  1114 ????
    149  1114 ????
    150  1114 ????
    151  1114 ????
    152  1114 ????
    153  1114 ????
    154  1114 ????
    155  1114 ????
    156  1114 ????
    157  1114 ????
    158  1114 ????
    159  1114 ????
    160  1114 ????
    161  1114 ????
    162  1114 ????
    163  1114 ????
    164  1114 ????
    165  1114 ????
    166  1114 ????
    167  1114 ????
    168  1114 ????
    169  1114 ????
    170  1114 ????
    171  1114 ????
    172  1114 ????
    173  1114 ????
    174  1114 ????
    175  1114 ????
    176  1114 ????
    177  1114 ????
    178  1114 ????
    179  1114 ????
    180  1114 ????
    181  1114 ????
    182  1114 ????
    183  1114 ????
    184  1114 ????
    185  1114 ????
    186  1114 ????
    187  1114 ????
    188  1114 ????
    189  1114 ????
    190  1114 ????
    191  1114 ????
    192  1114 ????
    193  1114 ????
    194  1114 ????
    195  1114 ????
    196  1114 ????
    197  1114 ????
    198  1114 ????
    199  1114 ????
    200  1114 ????
    201  1114 ????
    202  1114 ????
    203  1114 ????
    204  1114 ????
    205  1114 ????
    206  1114 ????
    207  1114 ????
    208  1114 ????
    209  1114 ????
    210  1114 ????
    211  1114 ????
    212  1114 ????
    213  1114 ????
    214  1114 ????
    215  1114 ????
    216  1114 ????
    217  1114 ????
    218  1114 ????
    219  1114 ????
    220  1114 ????
    221  1114 ????
    222  1114 ????
    223  1114 ????
    224  1114 ????
    225  1114 ????
    226  1114 ????
    227  1114 ????
    228  1114 ????
    229  1114 ????
    230  1114 ????
    231  1114 ????
    232  1114 ????
    233  1114 ????
    234  1114 ????
    235  1114 ????
    236  1114 ????
    237  1114 ????
    238  1114 ????
    239  1114 ????
    240  1114 ????
    241  1114 ????
    242  1114 ????
    243  1114 ????
    244  1114 ????
    245  1114 ????
    246  1114 ????
    247  1114 ????
    248  1114 ????
    249  1114 ????
    250  1114 ????
    251  1114 ????
    252  1114 ????
    253  1114 ????
    254  1114 ????
    255  1114 ????
    256  1114 ????
    257  1114 ????
    258  1114 ????
    259  1114 ????
    260  1114 ????
    261  1114 ????
    262  1114 ????
    263  1114 ????
    264  1114 ????
    265  1114 ????
    266  1114 ????
    267  1114 ????
    268  1114 ????
    269  1114 ????
    270  1114 ????
    271  1114 ????
    272  1114 ????
    273  1114 ????
    274  1114 ????
    275  1114 ????
    276  1114 ????
    277  1114 ????
    278  1114 ????
    279  1114 ????
    280  1114 ????
    281  1114 ????
    282  1114 ????
    283  1114 ????
    284  1114 ????
    285  1114 ????
    286  1114 ????
    287  1114 ????
    288  1114 ????
    289  1114 ????
    290  1114 ????
    291  1114 ????
    292  1114 ????
    293  1114 ????
    294  1114 ????
    295  1114 ????
    296  1114 ????
    297  1114 ????
    298  1114 ????
    299  1114 ????
    300  1114 ????
    301  1114 ????
    302  1114 ????
    303  1114 ????
    304  1114 ????
    305  1114 ????
    306  1114 ????
    307  1114 ????
    308  1114 ????
    309  1114 ????
    310  1114 ????
    311  1114 ????
    312  1114 ????
    313  1114 ????
    314  1114 ????
    315  1114 ????
    316  1114 ????
    317  1114 ????
    318  1114 ????
    319  1114 ????
    320  1114 ????
    321  1114 ????
    322  1114 ????
    323  1114 ????
    324  1114 ????
    325  1114 ????
    326  1114 ????
    327  1114 ????
    328  1114 ????
    329  1114 ????
    330  1114 ????
    331  1114 ????
    332  1114 ????
    333  1114 ????
    334  1114 ????
    335  1114 ????
    336  1114 ????
    337  1114 ????
    338  1114 ????
    339  1114 ????
    340  1114 ????
    341  1114 ????
    342  1114 ????
    343  1114 ????
    344  1114 ????
    345  1114 ????
    346  1114 ????
    347  1114 ????
    348  1114 ????
    349  1114 ????
    350  1114 ????
    351  1114 ????
    352  1114 ????
    353  1114 ????
    354  1114 ????
    355  1114 ????
    356  1114 ????
    357  1114 ????
    358  1114 ????
    359  1114 ????
    360  1114 ????
    361  1114 ????
    362  1114 ????
    363  1114 ????
    364  1114 ????
    365  1114 ????
    366  1114 ????
    367  1114 ????
    368  1114 ????
    369  1114 ????
    370  1114 ????
    371  1114 ????
    372  1114 ????
    373  1114 ????
    374  1114 ????
    375  1114 ????
    376  1114 ????
    377  1114 ????
    378  1114 ????
    379  1114 ????
    380  1114 ????
    381  1114 ????
    382  1114 ????
    383  1114 ????
    384  1114 ????
    385  1114 ????
    386  1114 ????
    387  1114 ????
    388  1114 ????
    389  1114 ????
    390  1114 ????
    391  1114 ????
    392  1114 ????
    393  1114 ????
    394  1114 ????
    395  1114 ????
    396  1114 ????
    397  1114 ????
    398  1114 ????
    399  1114 ????
    400  1114 ????
    401  1114 ????
    402  1114 ????
    403  1114 ????
    404  1114 ????
    405  1114 ????
    406  1114 ????
    407  1114 ????
    408  1114 ????
    409  1114 ????
    410  1114 ????
    411  1114 ????
    412  1114 ????
    413  1114 ????
    414  1114 ????
    415  1114 ????
    416  1114 ????
    417  1114 ????
    418  1114 ????
    419  1114 ????
    420  1114 ????
    421  1114 ????
    422  1114 ????
    423  1114 ????
    424  1114 ????
    425  1114 ????
    426  1114 ????
    427  1114 ????
    428  1114 ????
    429  1114 ????
    430  1114 ????
    431  1114 ????
    432  1114 ????
    433  1114 ????
    434  1114 ????
    435  1114 ????
    436  1114 ????
    437  1114 ????
    438  1114 ????
    439  1114 ????
    440  1114 ????
    441  1114 ????
    442  1114 ????
    443  1114 ????
    444  1114 ????
    445  1114 ????
    446  1114 ????
    447  1114 ????
    448  1114 ????
    449  1114 ????	       00 01	   VIC20      =	1
    450  1114 ????
    451  1114 ????
    452  1114 ????
    453  1114 ????	       ff e4	   GETIN      =	$FFE4
    454  1114 ????	       e5 5f	   CLRSCN     =	$E55F
    455  1114 ????	       cb 1e	   PRNSTR     =	$CB1E
    456  1114 ????	       e5 81	   GOHOME     =	$E581
    457  1114 ????	       dd cd	   PRNINT     =	$DDCD
    458  1114 ????	       ff 9f	   SCNKEY     =	$FF9F
    459  1114 ????
    460  1114 ????
    461  1114 ????
    462  1114 ????	       00 d1	   CURSOR_PTR =	209
    463  1114 ????	       00 a2	   JIFFY_CLOCK =	162
    464  1114 ????	       02 86	   CRSRCOL    =	646
    465  1114 ????
    466  1114 ????
    467  1114 ????
    468  1114 ????	       00 00	   COLOR_BLACK =	0
    469  1114 ????	       00 01	   COLOR_WHITE =	1
    470  1114 ????	       00 02	   COLOR_RED  =	2
    471  1114 ????	       00 03	   COLOR_CYAN =	3
    472  1114 ????	       00 04	   COLOR_MAGENTA =	4
    473  1114 ????	       00 05	   COLOR_GREEN =	5
    474  1114 ????	       00 06	   COLOR_BLUE =	6
    475  1114 ????	       00 07	   COLOR_YELLOW =	7
    476  1114 ????
    477  1114 ????
    478  1114 ????
    479  1114 ????	       00 16	   SCREEN_COLS =	22
    480  1114 ????	       00 17	   SCREEN_ROWS =	23
    481  1114 ????	       1e 00	   VIDEO_RAM  =	7680
    482  1114 ????	       96 00	   COLOR_RAM  =	38400
    483  1114 ????	       00 78	   COLOR_PAGE_OFFSET =	((COLOR_RAM - VIDEO_RAM) / 256)
    484  1114 ????	       10 01	   BASIC_RAM  =	4097
    485  1114 ????	       90 04	   RASTER     =	$9004
    486  1114 ????	       80 00	   ROMCHAR    =	32768
    487  1114 ????
    488  1114 ????
    489  1114 ????
    490  1114 ????
    491  1114 ????
    492  1114 ????
    493  1114 ????
    494  1114 ????
    495  1114 ????
    496  1114 ????
    497  1114 ????
    498  1114 ????
    499  1114 ????
    500  1114 ????
    501  1114 ????
    502  1114 ????
    503  1114 ????
    504  1114 ????
    505  1114 ????
    506  1114 ????
    507  1114 ????
    508  1114 ????
    509  1114 ????
    510  1114 ????
    511  1114 ????
    512  1114 ????
    513  1114 ????
    514  1114 ????
    515  1114 ????
    516  1114 ????
    517  1114 ????
    518  1114 ????
    519  1114 ????
    520  1114 ????
    521  1114 ????
    522  1114 ????
    523  1114 ????
    524  1114 ????
    525  1114 ????
    526  1114 ????
    527  1114 ????
    528  1114 ????
    529  1114 ????
    530  1114 ????
    531  1114 ????
    532  1001					      ORG	BASIC_RAM
    533  1001
    534  1001
    535  1001		       10 10 0a 00*BASIC_ROW_0 BYTE.b	[BASIC_ROW_1%256],[BASIC_ROW_1/256],[10%256],[10/256],151,32,51,54,56,55,56,44,49,53,0
    536  1010		       2c 10 14 00*BASIC_ROW_1 BYTE.b	[BASIC_ROW_2%256],[BASIC_ROW_2/256],[20%256],[20/256],151,32,51,54,56,55,54,44,32,49,53,50,58,153,32,34,78,79,82,77,65,76,34,0
    537  102c		       44 10 1e 00*BASIC_ROW_2 BYTE.b	[BASIC_ROW_3%256],[BASIC_ROW_3/256],[30%256],[30/256],161,32,65,36,58,139,32,65,36,179,177,34,32,34,32,167,32,51,48,0
    538  1044		       61 10 28 00*BASIC_ROW_3 BYTE.b	[BASIC_ROW_4%256],[BASIC_ROW_4/256],[40%256],[40/256],151,32,51,54,56,55,54,44,49,50,54,58,129,32,73,178,49,32,164,32,49,48,58,130,0
    539  1061		       79 10 3c 00*BASIC_ROW_4 BYTE.b	[BASIC_ROW_5%256],[BASIC_ROW_5/256],[60%256],[60/256],158,32,[[[WAV%10000]-[WAV%1000]]/1000+$30],[[[WAV%1000]-[WAV%100]]/100+$30],[[[WAV%100]-[WAV%10]]/10+$30],[[[WAV%10]-[WAV%1]]/1+$30],58,153,32,34,69,78,72,65,78,67,69,68,34,0
    540  1079		       91 10 46 00*BASIC_ROW_5 BYTE.b	[BASIC_ROW_6%256],[BASIC_ROW_6/256],[70%256],[70/256],161,32,65,36,58,139,32,65,36,179,177,34,32,34,32,167,32,55,48,0
    541  1091		       af 10 50 00*BASIC_ROW_6 BYTE.b	[BASIC_ROW_7%256],[BASIC_ROW_7/256],[80%256],[80/256],151,32,51,54,56,55,54,44,32,49,50,54,58,129,32,73,178,49,32,164,32,49,48,58,130,0
    542  10af		       b8 10 5a 00*BASIC_ROW_7 BYTE.b	[BASIC_ROW_8%256],[BASIC_ROW_8/256],[90%256],[90/256],137,32,50,48,0
    543  10b8		       c3 10 e8 03*BASIC_ROW_8 BYTE.b	[BASIC_ROW_9%256],[BASIC_ROW_9/256],[1000%256],[1000/256],158,32,[[[MAIN%10000]-[MAIN%1000]]/1000+$30],[[[MAIN%1000]-[MAIN%100]]/100+$30],[[[MAIN%100]-[MAIN%10]]/10+$30],[[[MAIN%10]-[MAIN%1]]/1+$30],0
    544  10c3		       00 00	   BASIC_ROW_9 BYTE.b	0,0
    545  10c5
    546  10c5				   WAV
    547  10c5		       a2 7e		      LDX	#$7E
    548  10c7		       a0 fe		      LDY	#$FE
    549  10c9		       a9 98		      LDA	#152
    550  10cb
    551  10cb
    552  10cb		       78		      SEI
    553  10cc		       8c 0c 90 	      STY	$900C
    554  10cf		       8e 0c 90 	      STX	$900C
    555  10d2		       8c 0c 90 	      STY	$900C
    556  10d5		       8c 0c 90 	      STY	$900C
    557  10d8		       8e 0c 90 	      STX	$900C
    558  10db		       8e 0c 90 	      STX	$900C
    559  10de		       8d 0c 90 	      STA	$900C
    560  10e1		       58		      CLI
    561  10e2		       60		      RTS
    562  10e3
    563  10e3				   MAIN
    564  10e3		       78		      SEI
    565  10e4
    566  10e4
    567  10e4		       a2 08		      LDX	#8
    568  10e6		       a0 1b		      LDY	#27
    569  10e8
    570  10e8				   LOOPA
    571  10e8		       8e 0f 90 	      STX	36879
    572  10eb		       ea		      NOP
    573  10ec		       ea		      NOP
    574  10ed		       ea		      NOP
    575  10ee
    576  10ee		       ea		      NOP
    577  10ef		       ea		      NOP
    578  10f0		       ea		      NOP
    579  10f1		       ea		      NOP
    580  10f2		       ea		      NOP
    581  10f3		       ea		      NOP
    582  10f4		       ea		      NOP
    583  10f5		       ea		      NOP
    584  10f6		       ea		      NOP
    585  10f7		       ea		      NOP
    586  10f8		       ea		      NOP
    587  10f9		       ea		      NOP
    588  10fa		       ea		      NOP
    589  10fb		       4c fe 10 	      JMP	LOOPB
    590  10fe
    591  10fe				   LOOPB
    592  10fe		       8c 0f 90 	      STY	36879
    593  1101		       ea		      NOP
    594  1102		       ea		      NOP
    595  1103		       ea		      NOP
    596  1104
    597  1104		       ea		      NOP
    598  1105		       ea		      NOP
    599  1106		       ea		      NOP
    600  1107		       ea		      NOP
    601  1108		       ea		      NOP
    602  1109		       ea		      NOP
    603  110a		       ea		      NOP
    604  110b		       ea		      NOP
    605  110c		       ea		      NOP
    606  110d		       ea		      NOP
    607  110e		       ea		      NOP
    608  110f		       ea		      NOP
    609  1110		       ea		      NOP
    610  1111		       4c e8 10 	      JMP	LOOPA
    611  1114
    612  1114
